2025-12-06 22:22:40,839 - INFO - Function get_input() started...
2025-12-06 22:22:44,268 - INFO - Data taken...
2025-12-06 22:22:44,269 - WARNING - Unexpected Error...
2025-12-06 22:22:49,122 - INFO - Data taken...
2025-12-06 22:22:49,122 - WARNING - Unexpected Error...
2025-12-06 22:22:50,674 - INFO - Data taken...
2025-12-06 22:22:50,675 - WARNING - Unexpected Error...
2025-12-06 22:26:07,867 - INFO - Function get_input() started...
2025-12-06 22:26:09,713 - INFO - Data taken...
2025-12-06 22:26:09,714 - INFO - Positive Check...
2025-12-06 22:26:09,714 - INFO - Data returned...
2025-12-06 22:26:09,714 - INFO - Function get_input() started...
2025-12-06 22:26:26,939 - INFO - Data taken...
2025-12-06 22:26:26,939 - INFO - Data returned...
2025-12-06 22:26:26,949 - INFO - Function get_input() started...
2025-12-06 22:26:30,874 - INFO - Data taken...
2025-12-06 22:26:30,874 - INFO - Data returned...
2025-12-06 22:26:37,073 - INFO - Function get_input() started...
2025-12-06 22:26:43,377 - INFO - Data taken...
2025-12-06 22:26:43,378 - INFO - Positive Check...
2025-12-06 22:27:28,645 - INFO - Data taken...
2025-12-06 22:27:28,646 - INFO - Positive Check...
2025-12-06 22:27:28,646 - INFO - Data returned...
2025-12-06 22:27:28,646 - INFO - Function get_input() started...
2025-12-06 22:27:38,443 - INFO - Data taken...
2025-12-06 22:27:38,444 - INFO - Data returned...
2025-12-06 22:27:38,444 - INFO - Function get_input() started...
2025-12-06 22:27:42,094 - INFO - Data taken...
2025-12-06 22:27:42,094 - INFO - Data returned...
